T53F8 000:000.444   SEGGER J-Link V8.12c Log File
T53F8 000:000.535   DLL Compiled: Jan 22 2025 12:55:59
T53F8 000:000.541   Logging started @ 2025-03-24 17:20
T53F8 000:000.547   Process: C:\Users\a8456\.eclipse\com.renesas.platform_1309835749\DebugComp\RA\e2-server-gdb.exe
T53F8 000:000.556 - 0.553ms 
T53F8 000:000.567 JLINK_GetDLLVersion()
T53F8 000:000.573 - 0.006ms returns 81203
T53F8 000:001.932 JLINK_OpenEx(...)
T53F8 000:007.163   Firmware: J-Link V9 compiled May  7 2021 16:26:12
T53F8 000:007.571   Firmware: J-Link V9 compiled May  7 2021 16:26:12
T53F8 000:007.674   Decompressing FW timestamp took 88 us
T53F8 000:013.031   Hardware: V9.60
T53F8 000:013.094   S/N: 69660718
T53F8 000:013.111   OEM: SEGGER
T53F8 000:013.126   Feature(s): RDI, GDB, FlashDL, FlashBP, JFlash
T53F8 000:013.717   Bootloader: (FW returned invalid version)
T53F8 000:014.291   TELNET listener socket opened on port 19021
T53F8 000:014.428   WEBSRV WEBSRV_Init(): Starting webserver thread(s)
T53F8 000:014.532   WEBSRV Webserver running on local port 19080
T53F8 000:014.637   Looking for J-Link GUI Server exe at: C:\Users\a8456\.eclipse\com.renesas.platform_1309835749\DebugComp\RA\ARM\Segger_v8.12.3\JLinkGUIServer.exe
T53F8 000:014.721   Looking for J-Link GUI Server exe at: C:\Program Files\SEGGER\JLink_V818\JLinkGUIServer.exe
T53F8 000:014.749   Forking J-Link GUI Server: C:\Program Files\SEGGER\JLink_V818\JLinkGUIServer.exe
T53F8 000:036.093   J-Link GUI Server info: "J-Link GUI server V8.18 "
T53F8 000:039.876 - 37.940ms returns "O.K."
T53F8 000:039.949 JLINK_TIF_Select(JLINKARM_TIF_SWD)
T53F8 000:040.399 - 0.449ms returns 0x00
T53F8 000:040.421 JLINK_ClrRESET()
T53F8 000:040.829 - 0.406ms 
T53F8 000:091.376 JLINK_SetSpeed(1500)
T53F8 000:091.512 - 0.141ms 
T53F8 000:091.524 JLINK_CORESIGHT_Configure(PerformTIFInit=0)
T53F8 000:091.885 - 0.362ms returns 0
T53F8 000:091.896 JLINK_CORESIGHT_ReadAPDPReg(DP reg 0x00)
T53F8 000:092.306   Value=0x6BA02477
T53F8 000:092.315 - 0.420ms returns 0
T53F8 000:092.322 JLINK_CORESIGHT_WriteAPDPReg(DP reg 0x00, 0x0000001F)
T53F8 000:092.504 - 0.182ms returns 0
T53F8 000:092.512 JLINK_CORESIGHT_ReadAPDPReg(DP reg 0x00)
T53F8 000:092.756   Value=0x6BA02477
T53F8 000:092.765 - 0.252ms returns 0
T53F8 000:092.772 JLINK_CORESIGHT_WriteAPDPReg(DP reg 0x02, 0x00000000)
T53F8 000:092.943 - 0.171ms returns 0
T53F8 000:092.951 JLINK_CORESIGHT_WriteAPDPReg(DP reg 0x01, 0x50000000)
T53F8 000:093.123 - 0.172ms returns 0
T53F8 000:093.133 JLINK_CORESIGHT_ReadAPDPReg(DP reg 0x01)
T53F8 000:093.296   Value=0xF0000040
T53F8 000:093.304 - 0.171ms returns 0
T53F8 000:093.311 JLINK_CORESIGHT_WriteAPDPReg(DP reg 0x00, 0x0000001F)
T53F8 000:093.468 - 0.156ms returns 0
T53F8 000:093.478 JLINK_CORESIGHT_ReadAPDPReg(DP reg 0x00)
T53F8 000:093.628   Value=0x6BA02477
T53F8 000:093.636 - 0.159ms returns 0
T53F8 000:093.644 JLINK_CORESIGHT_WriteAPDPReg(DP reg 0x01, 0x54000000)
T53F8 000:093.854 - 0.210ms returns 0
T53F8 000:093.861 JLINK_CORESIGHT_WriteAPDPReg(DP reg 0x01, 0x50000F00)
T53F8 000:094.017 - 0.155ms returns 0
T53F8 000:094.024 JLINK_CORESIGHT_WriteAPDPReg(DP reg 0x02, 0x01000000)
T53F8 000:094.192 - 0.168ms returns 0
T53F8 000:094.199 JLINK_CORESIGHT_WriteAPDPReg(AP reg 0x00, 0x80000002)
T53F8 000:094.360 - 0.161ms returns 0
T53F8 000:094.368 JLINK_CORESIGHT_WriteAPDPReg(AP reg 0x01, 0x80011100)
T53F8 000:094.517 - 0.149ms returns 0
T53F8 000:094.524 JLINK_CORESIGHT_WriteAPDPReg(AP reg 0x03, 0x000000A5)
T53F8 000:094.719 - 0.195ms returns 0
T53F8 000:094.726 JLINK_CORESIGHT_WriteAPDPReg(AP reg 0x00, 0x80000002)
T53F8 000:094.865 - 0.139ms returns 0
T53F8 000:094.873 JLINK_CORESIGHT_WriteAPDPReg(AP reg 0x01, 0x80011100)
T53F8 000:095.020 - 0.147ms returns 0
T53F8 000:095.040 JLINK_CORESIGHT_ReadAPDPReg(AP reg 0x03)
T53F8 000:095.243   Value=0x000000A5
T53F8 000:095.255 - 0.215ms returns 0
T53F8 000:095.264 JLINK_ClrTMS()
T53F8 000:095.317 - 0.053ms 
T53F8 000:101.343 JLINK_SetTCK()
T53F8 000:101.412 - 0.069ms returns 0
T53F8 000:107.350 JLINK_SetRESET()
T53F8 000:107.476 - 0.126ms 
T53F8 000:308.338 JLINK_CORESIGHT_WriteAPDPReg(AP reg 0x00, 0x80000002)
T53F8 000:308.568 - 0.230ms returns 0
T53F8 000:308.588 JLINK_CORESIGHT_WriteAPDPReg(AP reg 0x01, 0x80011100)
T53F8 000:308.760 - 0.172ms returns 0
T53F8 000:308.770 JLINK_CORESIGHT_ReadAPDPReg(AP reg 0x03)
T53F8 000:309.025   Value=0x00000000
T53F8 000:309.039 - 0.268ms returns 0
T53F8 000:309.049 JLINK_CORESIGHT_WriteAPDPReg(AP reg 0x00, 0x80000002)
T53F8 000:309.208 - 0.159ms returns 0
T53F8 000:309.217 JLINK_CORESIGHT_WriteAPDPReg(AP reg 0x01, 0x80011140)
T53F8 000:309.388 - 0.171ms returns 0
T53F8 000:309.398 JLINK_CORESIGHT_ReadAPDPReg(AP reg 0x03)
T53F8 000:309.605   Value=0x00000002
T53F8 000:309.614 - 0.216ms returns 0
T53F8 000:309.625 JLINK_CORESIGHT_WriteAPDPReg(AP reg 0x00, 0x80000002)
T53F8 000:309.839 - 0.214ms returns 0
T53F8 000:309.881 JLINK_CORESIGHT_WriteAPDPReg(AP reg 0x01, 0x80011120)
T53F8 000:310.059 - 0.178ms returns 0
T53F8 000:310.071 JLINK_CORESIGHT_WriteAPDPReg(AP reg 0x03, 0x00000055)
T53F8 000:310.229 - 0.158ms returns 0
T53F8 000:310.237 JLINK_CORESIGHT_WriteAPDPReg(AP reg 0x00, 0x80000002)
T53F8 000:310.413 - 0.176ms returns 0
T53F8 000:310.420 JLINK_CORESIGHT_WriteAPDPReg(AP reg 0x01, 0x80011140)
T53F8 000:310.583 - 0.163ms returns 0
T53F8 000:310.591 JLINK_CORESIGHT_ReadAPDPReg(AP reg 0x03)
T53F8 000:310.810   Value=0x00000000
T53F8 000:310.820 - 0.229ms returns 0
T53F8 000:310.828 JLINK_CORESIGHT_WriteAPDPReg(AP reg 0x00, 0x80000002)
T53F8 000:311.040 - 0.211ms returns 0
T53F8 000:311.050 JLINK_CORESIGHT_WriteAPDPReg(AP reg 0x01, 0x80011130)
T53F8 000:311.209 - 0.159ms returns 0
T53F8 000:311.216 JLINK_CORESIGHT_ReadAPDPReg(AP reg 0x03)
T53F8 000:311.413   Value=0x000000C6
T53F8 000:311.423 - 0.206ms returns 0
T53F8 000:311.438 JLINK_CORESIGHT_WriteAPDPReg(AP reg 0x00, 0x80000002)
T53F8 000:311.583 - 0.145ms returns 0
T53F8 000:311.590 JLINK_CORESIGHT_WriteAPDPReg(AP reg 0x01, 0x80011140)
T53F8 000:311.794 - 0.203ms returns 0
T53F8 000:311.809 JLINK_CORESIGHT_ReadAPDPReg(AP reg 0x03)
T53F8 000:312.098   Value=0x00000002
T53F8 000:312.132 - 0.322ms returns 0
T53F8 000:312.149 JLINK_CORESIGHT_WriteAPDPReg(AP reg 0x00, 0x80000002)
T53F8 000:312.563 - 0.414ms returns 0
T53F8 000:312.592 JLINK_CORESIGHT_WriteAPDPReg(AP reg 0x01, 0x80011120)
T53F8 000:313.004 - 0.411ms returns 0
T53F8 000:313.030 JLINK_CORESIGHT_WriteAPDPReg(AP reg 0x03, 0x3A010001)
T53F8 000:313.282 - 0.252ms returns 0
T53F8 000:313.385 JLINK_CORESIGHT_WriteAPDPReg(AP reg 0x00, 0x80000002)
T53F8 000:313.629 - 0.244ms returns 0
T53F8 000:313.655 JLINK_CORESIGHT_WriteAPDPReg(AP reg 0x01, 0x80011140)
T53F8 000:313.852 - 0.196ms returns 0
T53F8 000:313.900 JLINK_CORESIGHT_ReadAPDPReg(AP reg 0x03)
T53F8 000:314.235   Value=0x00000002
T53F8 000:314.267 - 0.367ms returns 0
T53F8 000:314.282 JLINK_CORESIGHT_WriteAPDPReg(AP reg 0x00, 0x80000002)
T53F8 000:314.462 - 0.179ms returns 0
T53F8 000:314.486 JLINK_CORESIGHT_WriteAPDPReg(AP reg 0x01, 0x80011120)
T53F8 000:314.724 - 0.237ms returns 0
T53F8 000:314.748 JLINK_CORESIGHT_WriteAPDPReg(AP reg 0x03, 0x000003C5)
T53F8 000:314.942 - 0.193ms returns 0
T53F8 000:314.960 JLINK_CORESIGHT_WriteAPDPReg(AP reg 0x00, 0x80000002)
T53F8 000:315.142 - 0.182ms returns 0
T53F8 000:315.163 JLINK_CORESIGHT_WriteAPDPReg(AP reg 0x01, 0x80011140)
T53F8 000:315.384 - 0.220ms returns 0
T53F8 000:315.411 JLINK_CORESIGHT_ReadAPDPReg(AP reg 0x03)
T53F8 000:315.628   Value=0x00000002
T53F8 000:315.647 - 0.236ms returns 0
T53F8 000:315.656 JLINK_CORESIGHT_ReadAPDPReg(AP reg 0x03)
T53F8 000:315.894   Value=0x00000002
T53F8 000:315.920 - 0.264ms returns 0
T53F8 000:315.935 JLINK_CORESIGHT_ReadAPDPReg(AP reg 0x03)
T53F8 000:316.162   Value=0x00000002
T53F8 000:316.176 - 0.241ms returns 0
T53F8 000:316.184 JLINK_CORESIGHT_ReadAPDPReg(AP reg 0x03)
T53F8 000:316.390   Value=0x00000002
T53F8 000:316.400 - 0.215ms returns 0
T53F8 000:316.407 JLINK_CORESIGHT_ReadAPDPReg(AP reg 0x03)
T53F8 000:316.596   Value=0x00000002
T53F8 000:316.620 - 0.212ms returns 0
T53F8 000:316.641 JLINK_CORESIGHT_ReadAPDPReg(AP reg 0x03)
T53F8 000:316.889   Value=0x00000002
T53F8 000:316.901 - 0.261ms returns 0
T53F8 000:316.909 JLINK_CORESIGHT_ReadAPDPReg(AP reg 0x03)
T53F8 000:317.108   Value=0x00000002
T53F8 000:317.124 - 0.215ms returns 0
T53F8 000:317.133 JLINK_CORESIGHT_ReadAPDPReg(AP reg 0x03)
T53F8 000:317.353   Value=0x00000002
T53F8 000:317.382 - 0.248ms returns 0
T53F8 000:317.399 JLINK_CORESIGHT_ReadAPDPReg(AP reg 0x03)
T53F8 000:317.605   Value=0x00000002
T53F8 000:317.614 - 0.215ms returns 0
T53F8 000:317.621 JLINK_CORESIGHT_ReadAPDPReg(AP reg 0x03)
T53F8 000:317.895   Value=0x00000002
T53F8 000:317.919 - 0.297ms returns 0
T53F8 000:317.933 JLINK_CORESIGHT_ReadAPDPReg(AP reg 0x03)
T53F8 000:318.153   Value=0x00000002
T53F8 000:318.177 - 0.244ms returns 0
T53F8 000:318.185 JLINK_CORESIGHT_ReadAPDPReg(AP reg 0x03)
T53F8 000:318.394   Value=0x00000002
T53F8 000:318.414 - 0.229ms returns 0
T53F8 000:318.422 JLINK_CORESIGHT_ReadAPDPReg(AP reg 0x03)
T53F8 000:318.708   Value=0x00000002
T53F8 000:318.747 - 0.324ms returns 0
T53F8 000:318.769 JLINK_CORESIGHT_ReadAPDPReg(AP reg 0x03)
T53F8 000:319.020   Value=0x00000000
T53F8 000:319.047 - 0.278ms returns 0
T53F8 000:319.063 JLINK_CORESIGHT_WriteAPDPReg(AP reg 0x00, 0x80000002)
T53F8 000:319.268 - 0.204ms returns 0
T53F8 000:319.283 JLINK_CORESIGHT_WriteAPDPReg(AP reg 0x01, 0x80011130)
T53F8 000:319.499 - 0.216ms returns 0
T53F8 000:319.520 JLINK_CORESIGHT_ReadAPDPReg(AP reg 0x03)
T53F8 000:319.781   Value=0x3A2A0081
T53F8 000:319.794 - 0.274ms returns 0
T53F8 000:319.803 JLINK_CORESIGHT_WriteAPDPReg(AP reg 0x00, 0x80000002)
T53F8 000:319.984 - 0.181ms returns 0
T53F8 000:320.024 JLINK_CORESIGHT_WriteAPDPReg(AP reg 0x01, 0x80011140)
T53F8 000:320.242 - 0.219ms returns 0
T53F8 000:320.251 JLINK_CORESIGHT_ReadAPDPReg(AP reg 0x03)
T53F8 000:320.457   Value=0x00000000
T53F8 000:320.465 - 0.214ms returns 0
T53F8 000:320.473 JLINK_CORESIGHT_WriteAPDPReg(AP reg 0x00, 0x80000002)
T53F8 000:320.636 - 0.162ms returns 0
T53F8 000:320.644 JLINK_CORESIGHT_WriteAPDPReg(AP reg 0x01, 0x80011130)
T53F8 000:320.855 - 0.211ms returns 0
T53F8 000:320.865 JLINK_CORESIGHT_ReadAPDPReg(AP reg 0x03)
T53F8 000:321.067   Value=0x80841E00
T53F8 000:321.078 - 0.213ms returns 0
T53F8 000:321.087 JLINK_CORESIGHT_WriteAPDPReg(AP reg 0x00, 0x80000002)
T53F8 000:321.245 - 0.157ms returns 0
T53F8 000:321.253 JLINK_CORESIGHT_WriteAPDPReg(AP reg 0x01, 0x80011140)
T53F8 000:321.424 - 0.171ms returns 0
T53F8 000:321.450 JLINK_CORESIGHT_ReadAPDPReg(AP reg 0x03)
T53F8 000:321.721   Value=0x00000000
T53F8 000:321.738 - 0.288ms returns 0
T53F8 000:321.752 JLINK_CORESIGHT_WriteAPDPReg(AP reg 0x00, 0x80000002)
T53F8 000:321.935 - 0.183ms returns 0
T53F8 000:321.968 JLINK_CORESIGHT_WriteAPDPReg(AP reg 0x01, 0x80011130)
T53F8 000:322.151 - 0.183ms returns 0
T53F8 000:322.175 JLINK_CORESIGHT_ReadAPDPReg(AP reg 0x03)
T53F8 000:322.393   Value=0x000D0803
T53F8 000:322.415 - 0.240ms returns 0
T53F8 000:322.430 JLINK_CORESIGHT_WriteAPDPReg(AP reg 0x00, 0x80000002)
T53F8 000:322.605 - 0.175ms returns 0
T53F8 000:322.621 JLINK_CORESIGHT_WriteAPDPReg(AP reg 0x01, 0x80011140)
T53F8 000:322.846 - 0.224ms returns 0
T53F8 000:322.862 JLINK_CORESIGHT_ReadAPDPReg(AP reg 0x03)
T53F8 000:323.081   Value=0x00000000
T53F8 000:323.108 - 0.241ms returns 0
T53F8 000:323.132 JLINK_CORESIGHT_WriteAPDPReg(AP reg 0x00, 0x80000002)
T53F8 000:323.350 - 0.218ms returns 0
T53F8 000:323.422 JLINK_CORESIGHT_WriteAPDPReg(AP reg 0x01, 0x80011130)
T53F8 000:323.648 - 0.232ms returns 0
T53F8 000:323.669 JLINK_CORESIGHT_ReadAPDPReg(AP reg 0x03)
T53F8 000:323.894   Value=0x31574B02
T53F8 000:323.919 - 0.249ms returns 0
T53F8 000:323.933 JLINK_CORESIGHT_WriteAPDPReg(AP reg 0x00, 0x80000002)
T53F8 000:324.152 - 0.218ms returns 0
T53F8 000:324.176 JLINK_CORESIGHT_WriteAPDPReg(AP reg 0x01, 0x80011140)
T53F8 000:324.333 - 0.157ms returns 0
T53F8 000:324.369 JLINK_CORESIGHT_ReadAPDPReg(AP reg 0x03)
T53F8 000:324.594   Value=0x00000000
T53F8 000:324.613 - 0.243ms returns 0
T53F8 000:324.622 JLINK_CORESIGHT_WriteAPDPReg(AP reg 0x00, 0x80000002)
T53F8 000:324.838 - 0.216ms returns 0
T53F8 000:324.862 JLINK_CORESIGHT_WriteAPDPReg(AP reg 0x01, 0x80011130)
T53F8 000:325.019 - 0.156ms returns 0
T53F8 000:325.038 JLINK_CORESIGHT_ReadAPDPReg(AP reg 0x03)
T53F8 000:325.250   Value=0x333A7674
T53F8 000:325.263 - 0.224ms returns 0
T53F8 000:325.278 JLINK_CORESIGHT_WriteAPDPReg(AP reg 0x00, 0x80000002)
T53F8 000:325.467 - 0.189ms returns 0
T53F8 000:325.476 JLINK_CORESIGHT_WriteAPDPReg(AP reg 0x01, 0x80011140)
T53F8 000:325.623 - 0.146ms returns 0
T53F8 000:325.630 JLINK_CORESIGHT_ReadAPDPReg(AP reg 0x03)
T53F8 000:325.872   Value=0x00000000
T53F8 000:325.919 - 0.288ms returns 0
T53F8 000:325.928 JLINK_CORESIGHT_WriteAPDPReg(AP reg 0x00, 0x80000002)
T53F8 000:326.092 - 0.163ms returns 0
T53F8 000:326.099 JLINK_CORESIGHT_WriteAPDPReg(AP reg 0x01, 0x80011130)
T53F8 000:326.260 - 0.161ms returns 0
T53F8 000:326.268 JLINK_CORESIGHT_ReadAPDPReg(AP reg 0x03)
T53F8 000:326.466   Value=0x30383334
T53F8 000:326.476 - 0.209ms returns 0
T53F8 000:326.484 JLINK_CORESIGHT_WriteAPDPReg(AP reg 0x00, 0x80000002)
T53F8 000:326.642 - 0.158ms returns 0
T53F8 000:326.649 JLINK_CORESIGHT_WriteAPDPReg(AP reg 0x01, 0x80011140)
T53F8 000:326.847 - 0.198ms returns 0
T53F8 000:326.857 JLINK_CORESIGHT_ReadAPDPReg(AP reg 0x03)
T53F8 000:327.100   Value=0x00000000
T53F8 000:327.126 - 0.268ms returns 0
T53F8 000:327.135 JLINK_CORESIGHT_WriteAPDPReg(AP reg 0x00, 0x80000002)
T53F8 000:327.302 - 0.166ms returns 0
T53F8 000:327.316 JLINK_CORESIGHT_WriteAPDPReg(AP reg 0x01, 0x80011130)
T53F8 000:327.497 - 0.180ms returns 0
T53F8 000:327.524 JLINK_CORESIGHT_ReadAPDPReg(AP reg 0x03)
T53F8 000:327.772   Value=0x11103130
T53F8 000:327.789 - 0.265ms returns 0
T53F8 000:327.797 JLINK_CORESIGHT_WriteAPDPReg(AP reg 0x00, 0x80000002)
T53F8 000:327.974 - 0.176ms returns 0
T53F8 000:327.985 JLINK_CORESIGHT_WriteAPDPReg(AP reg 0x01, 0x80011140)
T53F8 000:328.165 - 0.180ms returns 0
T53F8 000:328.173 JLINK_CORESIGHT_ReadAPDPReg(AP reg 0x03)
T53F8 000:328.378   Value=0x00000000
T53F8 000:328.458 - 0.284ms returns 0
T53F8 000:328.499 JLINK_CORESIGHT_WriteAPDPReg(AP reg 0x00, 0x80000002)
T53F8 000:329.025 - 0.525ms returns 0
T53F8 000:329.066 JLINK_CORESIGHT_WriteAPDPReg(AP reg 0x01, 0x80011130)
T53F8 000:329.881 - 0.828ms returns 0
T53F8 000:329.911 JLINK_CORESIGHT_ReadAPDPReg(AP reg 0x03)
T53F8 000:330.143   Value=0x4637520E
T53F8 000:330.165 - 0.253ms returns 0
T53F8 000:330.178 JLINK_CORESIGHT_WriteAPDPReg(AP reg 0x00, 0x80000002)
T53F8 000:330.368 - 0.189ms returns 0
T53F8 000:330.396 JLINK_CORESIGHT_WriteAPDPReg(AP reg 0x01, 0x80011140)
T53F8 000:330.723 - 0.326ms returns 0
T53F8 000:330.750 JLINK_CORESIGHT_ReadAPDPReg(AP reg 0x03)
T53F8 000:331.003   Value=0x00000000
T53F8 000:331.032 - 0.281ms returns 0
T53F8 000:331.047 JLINK_CORESIGHT_WriteAPDPReg(AP reg 0x00, 0x80000002)
T53F8 000:331.225 - 0.178ms returns 0
T53F8 000:331.247 JLINK_CORESIGHT_WriteAPDPReg(AP reg 0x01, 0x80011130)
T53F8 000:331.472 - 0.224ms returns 0
T53F8 000:331.498 JLINK_CORESIGHT_ReadAPDPReg(AP reg 0x03)
T53F8 000:331.723   Value=0x314C3441
T53F8 000:331.745 - 0.247ms returns 0
T53F8 000:331.759 JLINK_CORESIGHT_WriteAPDPReg(AP reg 0x00, 0x80000002)
T53F8 000:331.948 - 0.188ms returns 0
T53F8 000:331.971 JLINK_CORESIGHT_WriteAPDPReg(AP reg 0x01, 0x80011140)
T53F8 000:332.168 - 0.196ms returns 0
T53F8 000:332.186 JLINK_CORESIGHT_ReadAPDPReg(AP reg 0x03)
T53F8 000:332.390   Value=0x00000000
T53F8 000:332.400 - 0.213ms returns 0
T53F8 000:332.408 JLINK_CORESIGHT_WriteAPDPReg(AP reg 0x00, 0x80000002)
T53F8 000:332.567 - 0.159ms returns 0
T53F8 000:332.574 JLINK_CORESIGHT_WriteAPDPReg(AP reg 0x01, 0x80011130)
T53F8 000:332.718 - 0.144ms returns 0
T53F8 000:332.725 JLINK_CORESIGHT_ReadAPDPReg(AP reg 0x03)
T53F8 000:332.943   Value=0x43344442
T53F8 000:332.959 - 0.233ms returns 0
T53F8 000:332.967 JLINK_CORESIGHT_WriteAPDPReg(AP reg 0x00, 0x80000002)
T53F8 000:333.125 - 0.157ms returns 0
T53F8 000:333.175 JLINK_CORESIGHT_WriteAPDPReg(AP reg 0x01, 0x80011140)
T53F8 000:333.353 - 0.177ms returns 0
T53F8 000:333.362 JLINK_CORESIGHT_ReadAPDPReg(AP reg 0x03)
T53F8 000:333.568   Value=0x00000000
T53F8 000:333.580 - 0.218ms returns 0
T53F8 000:333.588 JLINK_CORESIGHT_WriteAPDPReg(AP reg 0x00, 0x80000002)
T53F8 000:333.774 - 0.185ms returns 0
T53F8 000:333.794 JLINK_CORESIGHT_WriteAPDPReg(AP reg 0x01, 0x80011130)
T53F8 000:333.968 - 0.174ms returns 0
T53F8 000:333.979 JLINK_CORESIGHT_ReadAPDPReg(AP reg 0x03)
T53F8 000:334.172   Value=0x20205046
T53F8 000:334.185 - 0.206ms returns 0
T53F8 000:334.193 JLINK_CORESIGHT_WriteAPDPReg(AP reg 0x00, 0x80000002)
T53F8 000:334.350 - 0.157ms returns 0
T53F8 000:334.359 JLINK_CORESIGHT_WriteAPDPReg(AP reg 0x01, 0x80011140)
T53F8 000:334.515 - 0.155ms returns 0
T53F8 000:334.522 JLINK_CORESIGHT_ReadAPDPReg(AP reg 0x03)
T53F8 000:334.718   Value=0x00000000
T53F8 000:334.726 - 0.204ms returns 0
T53F8 000:334.733 JLINK_CORESIGHT_WriteAPDPReg(AP reg 0x00, 0x80000002)
T53F8 000:334.891 - 0.158ms returns 0
T53F8 000:334.917 JLINK_CORESIGHT_WriteAPDPReg(AP reg 0x01, 0x80011130)
T53F8 000:335.106 - 0.189ms returns 0
T53F8 000:335.118 JLINK_CORESIGHT_ReadAPDPReg(AP reg 0x03)
T53F8 000:335.321   Value=0x00032320
T53F8 000:335.344 - 0.226ms returns 0
T53F8 000:335.418 JLINK_CORESIGHT_WriteAPDPReg(AP reg 0x00, 0x80000002)
T53F8 000:335.596 - 0.177ms returns 0
T53F8 000:335.603 JLINK_CORESIGHT_WriteAPDPReg(AP reg 0x01, 0x80011140)
T53F8 000:335.770 - 0.167ms returns 0
T53F8 000:335.778 JLINK_CORESIGHT_ReadAPDPReg(AP reg 0x03)
T53F8 000:335.993   Value=0x00000002
T53F8 000:336.004 - 0.225ms returns 0
T53F8 000:336.011 JLINK_CORESIGHT_WriteAPDPReg(AP reg 0x00, 0x80000002)
T53F8 000:336.171 - 0.159ms returns 0
T53F8 000:336.178 JLINK_CORESIGHT_WriteAPDPReg(AP reg 0x01, 0x80011120)
T53F8 000:336.346 - 0.168ms returns 0
T53F8 000:336.359 JLINK_CORESIGHT_WriteAPDPReg(AP reg 0x03, 0x2C010001)
T53F8 000:336.516 - 0.157ms returns 0
T53F8 000:336.524 JLINK_CORESIGHT_WriteAPDPReg(AP reg 0x00, 0x80000002)
T53F8 000:336.721 - 0.197ms returns 0
T53F8 000:336.733 JLINK_CORESIGHT_WriteAPDPReg(AP reg 0x01, 0x80011140)
T53F8 000:336.895 - 0.162ms returns 0
T53F8 000:336.919 JLINK_CORESIGHT_ReadAPDPReg(AP reg 0x03)
T53F8 000:337.143   Value=0x00000002
T53F8 000:337.156 - 0.237ms returns 0
T53F8 000:337.164 JLINK_CORESIGHT_WriteAPDPReg(AP reg 0x00, 0x80000002)
T53F8 000:337.360 - 0.195ms returns 0
T53F8 000:337.374 JLINK_CORESIGHT_WriteAPDPReg(AP reg 0x01, 0x80011120)
T53F8 000:337.546 - 0.171ms returns 0
T53F8 000:337.554 JLINK_CORESIGHT_WriteAPDPReg(AP reg 0x03, 0x000003D3)
T53F8 000:337.717 - 0.163ms returns 0
T53F8 000:337.725 JLINK_CORESIGHT_WriteAPDPReg(AP reg 0x00, 0x80000002)
T53F8 000:337.891 - 0.166ms returns 0
T53F8 000:337.902 JLINK_CORESIGHT_WriteAPDPReg(AP reg 0x01, 0x80011140)
T53F8 000:338.096 - 0.194ms returns 0
T53F8 000:338.106 JLINK_CORESIGHT_ReadAPDPReg(AP reg 0x03)
T53F8 000:338.296   Value=0x00000002
T53F8 000:338.304 - 0.198ms returns 0
T53F8 000:338.311 JLINK_CORESIGHT_ReadAPDPReg(AP reg 0x03)
T53F8 000:338.492   Value=0x00000002
T53F8 000:338.505 - 0.193ms returns 0
T53F8 000:338.513 JLINK_CORESIGHT_ReadAPDPReg(AP reg 0x03)
T53F8 000:338.716   Value=0x00000002
T53F8 000:338.724 - 0.211ms returns 0
T53F8 000:338.731 JLINK_CORESIGHT_ReadAPDPReg(AP reg 0x03)
T53F8 000:338.950   Value=0x00000002
T53F8 000:338.962 - 0.230ms returns 0
T53F8 000:338.969 JLINK_CORESIGHT_ReadAPDPReg(AP reg 0x03)
T53F8 000:339.172   Value=0x00000002
T53F8 000:339.187 - 0.217ms returns 0
T53F8 000:339.195 JLINK_CORESIGHT_ReadAPDPReg(AP reg 0x03)
T53F8 000:339.391   Value=0x00000002
T53F8 000:339.401 - 0.206ms returns 0
T53F8 000:339.408 JLINK_CORESIGHT_ReadAPDPReg(AP reg 0x03)
T53F8 000:339.596   Value=0x00000002
T53F8 000:339.604 - 0.196ms returns 0
T53F8 000:339.611 JLINK_CORESIGHT_ReadAPDPReg(AP reg 0x03)
T53F8 000:339.803   Value=0x00000002
T53F8 000:339.814 - 0.203ms returns 0
T53F8 000:339.822 JLINK_CORESIGHT_ReadAPDPReg(AP reg 0x03)
T53F8 000:340.021   Value=0x00000002
T53F8 000:340.034 - 0.212ms returns 0
T53F8 000:340.042 JLINK_CORESIGHT_ReadAPDPReg(AP reg 0x03)
T53F8 000:340.264   Value=0x00000002
T53F8 000:340.272 - 0.230ms returns 0
T53F8 000:340.279 JLINK_CORESIGHT_ReadAPDPReg(AP reg 0x03)
T53F8 000:340.480   Value=0x00000002
T53F8 000:340.490 - 0.211ms returns 0
T53F8 000:340.497 JLINK_CORESIGHT_ReadAPDPReg(AP reg 0x03)
T53F8 000:340.718   Value=0x00000002
T53F8 000:340.726 - 0.229ms returns 0
T53F8 000:340.733 JLINK_CORESIGHT_ReadAPDPReg(AP reg 0x03)
T53F8 000:340.938   Value=0x00000002
T53F8 000:340.950 - 0.216ms returns 0
T53F8 000:340.957 JLINK_CORESIGHT_ReadAPDPReg(AP reg 0x03)
T53F8 000:341.182   Value=0x00000000
T53F8 000:341.190 - 0.233ms returns 0
T53F8 000:341.197 JLINK_CORESIGHT_WriteAPDPReg(AP reg 0x00, 0x80000002)
T53F8 000:341.353 - 0.155ms returns 0
T53F8 000:341.362 JLINK_CORESIGHT_WriteAPDPReg(AP reg 0x01, 0x80011130)
T53F8 000:341.515 - 0.153ms returns 0
T53F8 000:341.523 JLINK_CORESIGHT_ReadAPDPReg(AP reg 0x03)
T53F8 000:341.717   Value=0x2C020081
T53F8 000:341.725 - 0.202ms returns 0
T53F8 000:341.732 JLINK_CORESIGHT_WriteAPDPReg(AP reg 0x00, 0x80000002)
T53F8 000:341.889 - 0.157ms returns 0
T53F8 000:341.899 JLINK_CORESIGHT_WriteAPDPReg(AP reg 0x01, 0x80011140)
T53F8 000:342.062 - 0.162ms returns 0
T53F8 000:342.070 JLINK_CORESIGHT_ReadAPDPReg(AP reg 0x03)
T53F8 000:342.264   Value=0x00000000
T53F8 000:342.272 - 0.202ms returns 0
T53F8 000:342.279 JLINK_CORESIGHT_WriteAPDPReg(AP reg 0x00, 0x80000002)
T53F8 000:342.436 - 0.157ms returns 0
T53F8 000:342.445 JLINK_CORESIGHT_WriteAPDPReg(AP reg 0x01, 0x80011130)
T53F8 000:342.591 - 0.146ms returns 0
T53F8 000:342.599 JLINK_CORESIGHT_ReadAPDPReg(AP reg 0x03)
T53F8 000:342.794   Value=0x0003D002
T53F8 000:342.804 - 0.205ms returns 0
T53F8 000:342.816 JLINK_CORESIGHT_WriteAPDPReg(AP reg 0x00, 0x80000002)
T53F8 000:343.017 - 0.200ms returns 0
T53F8 000:343.028 JLINK_CORESIGHT_WriteAPDPReg(AP reg 0x01, 0x80011140)
T53F8 000:343.188 - 0.159ms returns 0
T53F8 000:343.195 JLINK_CORESIGHT_ReadAPDPReg(AP reg 0x03)
T53F8 000:343.403   Value=0x00000002
T53F8 000:343.414 - 0.218ms returns 0
T53F8 000:343.444 JLINK_CORESIGHT_WriteAPDPReg(AP reg 0x00, 0x80000002)
T53F8 000:343.624 - 0.180ms returns 0
T53F8 000:343.638 JLINK_CORESIGHT_WriteAPDPReg(AP reg 0x01, 0x80011120)
T53F8 000:343.837 - 0.199ms returns 0
T53F8 000:343.863 JLINK_CORESIGHT_WriteAPDPReg(AP reg 0x03, 0x4F010001)
T53F8 000:344.069 - 0.206ms returns 0
T53F8 000:344.077 JLINK_CORESIGHT_WriteAPDPReg(AP reg 0x00, 0x80000002)
T53F8 000:344.244 - 0.166ms returns 0
T53F8 000:344.251 JLINK_CORESIGHT_WriteAPDPReg(AP reg 0x01, 0x80011140)
T53F8 000:344.416 - 0.165ms returns 0
T53F8 000:344.425 JLINK_CORESIGHT_ReadAPDPReg(AP reg 0x03)
T53F8 000:344.638   Value=0x00000002
T53F8 000:344.646 - 0.221ms returns 0
T53F8 000:344.653 JLINK_CORESIGHT_WriteAPDPReg(AP reg 0x00, 0x80000002)
T53F8 000:344.838 - 0.184ms returns 0
T53F8 000:344.857 JLINK_CORESIGHT_WriteAPDPReg(AP reg 0x01, 0x80011120)
T53F8 000:345.017 - 0.159ms returns 0
T53F8 000:345.025 JLINK_CORESIGHT_WriteAPDPReg(AP reg 0x03, 0x000003B0)
T53F8 000:345.223 - 0.197ms returns 0
T53F8 000:345.248 JLINK_CORESIGHT_WriteAPDPReg(AP reg 0x00, 0x80000002)
T53F8 000:345.442 - 0.193ms returns 0
T53F8 000:345.466 JLINK_CORESIGHT_WriteAPDPReg(AP reg 0x01, 0x80011140)
T53F8 000:345.722 - 0.255ms returns 0
T53F8 000:345.742 JLINK_CORESIGHT_ReadAPDPReg(AP reg 0x03)
T53F8 000:345.984   Value=0x00000000
T53F8 000:346.010 - 0.268ms returns 0
T53F8 000:346.025 JLINK_CORESIGHT_WriteAPDPReg(AP reg 0x00, 0x80000002)
T53F8 000:346.248 - 0.223ms returns 0
T53F8 000:346.270 JLINK_CORESIGHT_WriteAPDPReg(AP reg 0x01, 0x80011130)
T53F8 000:346.462 - 0.192ms returns 0
T53F8 000:346.486 JLINK_CORESIGHT_ReadAPDPReg(AP reg 0x03)
T53F8 000:346.722   Value=0x4F0B0081
T53F8 000:346.744 - 0.258ms returns 0
T53F8 000:346.758 JLINK_CORESIGHT_WriteAPDPReg(AP reg 0x00, 0x80000002)
T53F8 000:346.943 - 0.184ms returns 0
T53F8 000:346.977 JLINK_CORESIGHT_WriteAPDPReg(AP reg 0x01, 0x80011140)
T53F8 000:347.187 - 0.210ms returns 0
T53F8 000:347.209 JLINK_CORESIGHT_ReadAPDPReg(AP reg 0x03)
T53F8 000:347.459   Value=0x00000000
T53F8 000:347.476 - 0.266ms returns 0
T53F8 000:347.485 JLINK_CORESIGHT_WriteAPDPReg(AP reg 0x00, 0x80000002)
T53F8 000:347.719 - 0.234ms returns 0
T53F8 000:347.735 JLINK_CORESIGHT_WriteAPDPReg(AP reg 0x01, 0x80011130)
T53F8 000:347.897 - 0.162ms returns 0
T53F8 000:347.915 JLINK_CORESIGHT_ReadAPDPReg(AP reg 0x03)
T53F8 000:348.126   Value=0x20000300
T53F8 000:348.137 - 0.222ms returns 0
T53F8 000:348.145 JLINK_CORESIGHT_WriteAPDPReg(AP reg 0x00, 0x80000002)
T53F8 000:348.304 - 0.159ms returns 0
T53F8 000:348.311 JLINK_CORESIGHT_WriteAPDPReg(AP reg 0x01, 0x80011140)
T53F8 000:348.480 - 0.168ms returns 0
T53F8 000:348.489 JLINK_CORESIGHT_ReadAPDPReg(AP reg 0x03)
T53F8 000:348.732   Value=0x00000000
T53F8 000:348.758 - 0.268ms returns 0
T53F8 000:348.772 JLINK_CORESIGHT_WriteAPDPReg(AP reg 0x00, 0x80000002)
T53F8 000:348.995 - 0.222ms returns 0
T53F8 000:349.018 JLINK_CORESIGHT_WriteAPDPReg(AP reg 0x01, 0x80011130)
T53F8 000:349.218 - 0.200ms returns 0
T53F8 000:349.230 JLINK_CORESIGHT_ReadAPDPReg(AP reg 0x03)
T53F8 000:349.436   Value=0x02000000
T53F8 000:349.446 - 0.216ms returns 0
T53F8 000:349.455 JLINK_CORESIGHT_WriteAPDPReg(AP reg 0x00, 0x80000002)
T53F8 000:349.639 - 0.184ms returns 0
T53F8 000:349.647 JLINK_CORESIGHT_WriteAPDPReg(AP reg 0x01, 0x80011140)
T53F8 000:349.838 - 0.190ms returns 0
T53F8 000:349.868 JLINK_CORESIGHT_ReadAPDPReg(AP reg 0x03)
T53F8 000:350.084   Value=0x00000000
T53F8 000:350.097 - 0.229ms returns 0
T53F8 000:350.116 JLINK_CORESIGHT_WriteAPDPReg(AP reg 0x00, 0x80000002)
T53F8 000:350.374 - 0.258ms returns 0
T53F8 000:350.411 JLINK_CORESIGHT_WriteAPDPReg(AP reg 0x01, 0x80011130)
T53F8 000:350.568 - 0.157ms returns 0
T53F8 000:350.581 JLINK_CORESIGHT_ReadAPDPReg(AP reg 0x03)
T53F8 000:350.815   Value=0x03790800
T53F8 000:350.826 - 0.244ms returns 0
T53F8 000:350.891 JLINK_CORESIGHT_WriteAPDPReg(AP reg 0x00, 0x80000002)
T53F8 000:351.072 - 0.180ms returns 0
T53F8 000:351.095 JLINK_CORESIGHT_WriteAPDPReg(AP reg 0x01, 0x80011140)
T53F8 000:351.269 - 0.174ms returns 0
T53F8 000:351.289 JLINK_CORESIGHT_ReadAPDPReg(AP reg 0x03)
T53F8 000:351.539   Value=0x00000002
T53F8 000:351.566 - 0.277ms returns 0
T53F8 000:351.575 JLINK_CORESIGHT_WriteAPDPReg(AP reg 0x00, 0x80000002)
T53F8 000:351.774 - 0.199ms returns 0
T53F8 000:351.782 JLINK_CORESIGHT_WriteAPDPReg(AP reg 0x01, 0x80011120)
T53F8 000:351.945 - 0.162ms returns 0
T53F8 000:351.967 JLINK_CORESIGHT_WriteAPDPReg(AP reg 0x03, 0x2C010001)
T53F8 000:352.186 - 0.219ms returns 0
T53F8 000:352.198 JLINK_CORESIGHT_WriteAPDPReg(AP reg 0x00, 0x80000002)
T53F8 000:352.362 - 0.163ms returns 0
T53F8 000:352.388 JLINK_CORESIGHT_WriteAPDPReg(AP reg 0x01, 0x80011140)
T53F8 000:352.544 - 0.160ms returns 0
T53F8 000:352.553 JLINK_CORESIGHT_ReadAPDPReg(AP reg 0x03)
T53F8 000:352.776   Value=0x00000002
T53F8 000:352.785 - 0.232ms returns 0
T53F8 000:352.792 JLINK_CORESIGHT_WriteAPDPReg(AP reg 0x00, 0x80000002)
T53F8 000:352.971 - 0.178ms returns 0
T53F8 000:352.993 JLINK_CORESIGHT_WriteAPDPReg(AP reg 0x01, 0x80011120)
T53F8 000:353.207 - 0.214ms returns 0
T53F8 000:353.217 JLINK_CORESIGHT_WriteAPDPReg(AP reg 0x03, 0x000003D3)
T53F8 000:353.389 - 0.172ms returns 0
T53F8 000:353.398 JLINK_CORESIGHT_WriteAPDPReg(AP reg 0x00, 0x80000002)
T53F8 000:353.560 - 0.162ms returns 0
T53F8 000:353.567 JLINK_CORESIGHT_WriteAPDPReg(AP reg 0x01, 0x80011140)
T53F8 000:353.717 - 0.149ms returns 0
T53F8 000:353.725 JLINK_CORESIGHT_ReadAPDPReg(AP reg 0x03)
T53F8 000:353.936   Value=0x00000002
T53F8 000:353.972 - 0.246ms returns 0
T53F8 000:353.988 JLINK_CORESIGHT_ReadAPDPReg(AP reg 0x03)
T53F8 000:354.202   Value=0x00000002
T53F8 000:354.212 - 0.224ms returns 0
T53F8 000:354.220 JLINK_CORESIGHT_ReadAPDPReg(AP reg 0x03)
T53F8 000:354.425   Value=0x00000002
T53F8 000:354.449 - 0.228ms returns 0
T53F8 000:354.468 JLINK_CORESIGHT_ReadAPDPReg(AP reg 0x03)
T53F8 000:354.722   Value=0x00000002
T53F8 000:354.745 - 0.276ms returns 0
T53F8 000:354.759 JLINK_CORESIGHT_ReadAPDPReg(AP reg 0x03)
T53F8 000:354.973   Value=0x00000002
T53F8 000:354.998 - 0.239ms returns 0
T53F8 000:355.012 JLINK_CORESIGHT_ReadAPDPReg(AP reg 0x03)
T53F8 000:355.234   Value=0x00000002
T53F8 000:355.257 - 0.245ms returns 0
T53F8 000:355.270 JLINK_CORESIGHT_ReadAPDPReg(AP reg 0x03)
T53F8 000:355.499   Value=0x00000002
T53F8 000:355.523 - 0.252ms returns 0
T53F8 000:355.537 JLINK_CORESIGHT_ReadAPDPReg(AP reg 0x03)
T53F8 000:355.776   Value=0x00000002
T53F8 000:355.801 - 0.264ms returns 0
T53F8 000:355.815 JLINK_CORESIGHT_ReadAPDPReg(AP reg 0x03)
T53F8 000:356.061   Value=0x00000000
T53F8 000:356.101 - 0.286ms returns 0
T53F8 000:356.110 JLINK_CORESIGHT_WriteAPDPReg(AP reg 0x00, 0x80000002)
T53F8 000:356.319 - 0.208ms returns 0
T53F8 000:356.332 JLINK_CORESIGHT_WriteAPDPReg(AP reg 0x01, 0x80011130)
T53F8 000:356.543 - 0.211ms returns 0
T53F8 000:356.552 JLINK_CORESIGHT_ReadAPDPReg(AP reg 0x03)
T53F8 000:356.771   Value=0x2C020081
T53F8 000:356.780 - 0.228ms returns 0
T53F8 000:356.788 JLINK_CORESIGHT_WriteAPDPReg(AP reg 0x00, 0x80000002)
T53F8 000:356.951 - 0.163ms returns 0
T53F8 000:356.975 JLINK_CORESIGHT_WriteAPDPReg(AP reg 0x01, 0x80011140)
T53F8 000:357.163 - 0.188ms returns 0
T53F8 000:357.176 JLINK_CORESIGHT_ReadAPDPReg(AP reg 0x03)
T53F8 000:357.421   Value=0x00000000
T53F8 000:357.431 - 0.255ms returns 0
T53F8 000:357.439 JLINK_CORESIGHT_WriteAPDPReg(AP reg 0x00, 0x80000002)
T53F8 000:357.604 - 0.165ms returns 0
T53F8 000:357.611 JLINK_CORESIGHT_WriteAPDPReg(AP reg 0x01, 0x80011130)
T53F8 000:357.837 - 0.225ms returns 0
T53F8 000:357.852 JLINK_CORESIGHT_ReadAPDPReg(AP reg 0x03)
T53F8 000:358.059   Value=0x0003D002
T53F8 000:358.071 - 0.219ms returns 0
T53F8 000:358.087 JLINK_CORESIGHT_WriteAPDPReg(AP reg 0x00, 0x80000002)
T53F8 000:358.265 - 0.177ms returns 0
T53F8 000:358.292 JLINK_CORESIGHT_WriteAPDPReg(AP reg 0x01, 0x80011140)
T53F8 000:358.522 - 0.229ms returns 0
T53F8 000:358.547 JLINK_CORESIGHT_ReadAPDPReg(AP reg 0x03)
T53F8 000:358.777   Value=0x00000002
T53F8 000:358.800 - 0.253ms returns 0
T53F8 000:358.814 JLINK_CORESIGHT_WriteAPDPReg(AP reg 0x00, 0x80000002)
T53F8 000:358.996 - 0.181ms returns 0
T53F8 000:359.012 JLINK_CORESIGHT_WriteAPDPReg(AP reg 0x01, 0x80011120)
T53F8 000:359.194 - 0.181ms returns 0
T53F8 000:359.207 JLINK_CORESIGHT_WriteAPDPReg(AP reg 0x03, 0x4E0B0001)
T53F8 000:359.367 - 0.160ms returns 0
T53F8 000:359.376 JLINK_CORESIGHT_WriteAPDPReg(AP reg 0x00, 0x80000002)
T53F8 000:359.540 - 0.164ms returns 0
T53F8 000:359.547 JLINK_CORESIGHT_WriteAPDPReg(AP reg 0x01, 0x80011140)
T53F8 000:359.717 - 0.170ms returns 0
T53F8 000:359.725 JLINK_CORESIGHT_ReadAPDPReg(AP reg 0x03)
T53F8 000:359.947   Value=0x00000002
T53F8 000:359.973 - 0.247ms returns 0
T53F8 000:359.987 JLINK_CORESIGHT_WriteAPDPReg(AP reg 0x00, 0x80000002)
T53F8 000:360.174 - 0.187ms returns 0
T53F8 000:360.189 JLINK_CORESIGHT_WriteAPDPReg(AP reg 0x01, 0x80011120)
T53F8 000:360.366 - 0.176ms returns 0
T53F8 000:360.385 JLINK_CORESIGHT_WriteAPDPReg(AP reg 0x03, 0x20000400)
T53F8 000:360.552 - 0.166ms returns 0
T53F8 000:360.561 JLINK_CORESIGHT_WriteAPDPReg(AP reg 0x00, 0x80000002)
T53F8 000:360.719 - 0.157ms returns 0
T53F8 000:360.726 JLINK_CORESIGHT_WriteAPDPReg(AP reg 0x01, 0x80011140)
T53F8 000:360.896 - 0.170ms returns 0
T53F8 000:360.910 JLINK_CORESIGHT_ReadAPDPReg(AP reg 0x03)
T53F8 000:361.143   Value=0x00000002
T53F8 000:361.156 - 0.246ms returns 0
T53F8 000:361.164 JLINK_CORESIGHT_WriteAPDPReg(AP reg 0x00, 0x80000002)
T53F8 000:361.317 - 0.152ms returns 0
T53F8 000:361.325 JLINK_CORESIGHT_WriteAPDPReg(AP reg 0x01, 0x80011120)
T53F8 000:361.492 - 0.167ms returns 0
T53F8 000:361.501 JLINK_CORESIGHT_WriteAPDPReg(AP reg 0x03, 0x02000000)
T53F8 000:361.723 - 0.222ms returns 0
T53F8 000:361.748 JLINK_CORESIGHT_WriteAPDPReg(AP reg 0x00, 0x80000002)
T53F8 000:362.039 - 0.290ms returns 0
T53F8 000:362.092 JLINK_CORESIGHT_WriteAPDPReg(AP reg 0x01, 0x80011140)
T53F8 000:362.309 - 0.216ms returns 0
T53F8 000:362.320 JLINK_CORESIGHT_ReadAPDPReg(AP reg 0x03)
T53F8 000:362.623   Value=0x00000002
T53F8 000:362.650 - 0.330ms returns 0
T53F8 000:362.666 JLINK_CORESIGHT_WriteAPDPReg(AP reg 0x00, 0x80000002)
T53F8 000:362.873 - 0.206ms returns 0
T53F8 000:362.901 JLINK_CORESIGHT_WriteAPDPReg(AP reg 0x01, 0x80011120)
T53F8 000:363.123 - 0.221ms returns 0
T53F8 000:363.148 JLINK_CORESIGHT_WriteAPDPReg(AP reg 0x03, 0x03790800)
T53F8 000:363.398 - 0.250ms returns 0
T53F8 000:363.423 JLINK_CORESIGHT_WriteAPDPReg(AP reg 0x00, 0x80000002)
T53F8 000:363.596 - 0.172ms returns 0
T53F8 000:363.617 JLINK_CORESIGHT_WriteAPDPReg(AP reg 0x01, 0x80011140)
T53F8 000:363.845 - 0.227ms returns 0
T53F8 000:363.861 JLINK_CORESIGHT_ReadAPDPReg(AP reg 0x03)
T53F8 000:364.074   Value=0x00000002
T53F8 000:364.108 - 0.246ms returns 0
T53F8 000:364.118 JLINK_CORESIGHT_ReadAPDPReg(AP reg 0x03)
T53F8 000:364.319   Value=0x00000002
T53F8 000:364.356 - 0.238ms returns 0
T53F8 000:364.365 JLINK_CORESIGHT_ReadAPDPReg(AP reg 0x03)
T53F8 000:364.568   Value=0x00000002
T53F8 000:364.581 - 0.216ms returns 0
T53F8 000:364.589 JLINK_CORESIGHT_ReadAPDPReg(AP reg 0x03)
T53F8 000:364.772   Value=0x00000002
T53F8 000:364.782 - 0.193ms returns 0
T53F8 000:364.790 JLINK_CORESIGHT_ReadAPDPReg(AP reg 0x03)
T53F8 000:364.999   Value=0x00000002
T53F8 000:365.011 - 0.221ms returns 0
T53F8 000:365.019 JLINK_CORESIGHT_ReadAPDPReg(AP reg 0x03)
T53F8 000:365.218   Value=0x00000002
T53F8 000:365.231 - 0.212ms returns 0
T53F8 000:365.239 JLINK_CORESIGHT_ReadAPDPReg(AP reg 0x03)
T53F8 000:365.443   Value=0x00000002
T53F8 000:365.453 - 0.213ms returns 0
T53F8 000:365.461 JLINK_CORESIGHT_ReadAPDPReg(AP reg 0x03)
T53F8 000:365.641   Value=0x00000002
T53F8 000:365.650 - 0.189ms returns 0
T53F8 000:365.657 JLINK_CORESIGHT_ReadAPDPReg(AP reg 0x03)
T53F8 000:365.874   Value=0x00000002
T53F8 000:365.909 - 0.251ms returns 0
T53F8 000:365.921 JLINK_CORESIGHT_ReadAPDPReg(AP reg 0x03)
T53F8 000:366.117   Value=0x00000002
T53F8 000:366.128 - 0.206ms returns 0
T53F8 000:366.135 JLINK_CORESIGHT_ReadAPDPReg(AP reg 0x03)
T53F8 000:366.346   Value=0x00000002
T53F8 000:366.368 - 0.232ms returns 0
T53F8 000:366.382 JLINK_CORESIGHT_ReadAPDPReg(AP reg 0x03)
T53F8 000:366.594   Value=0x00000002
T53F8 000:366.608 - 0.225ms returns 0
T53F8 000:366.616 JLINK_CORESIGHT_ReadAPDPReg(AP reg 0x03)
T53F8 000:366.870   Value=0x00000002
T53F8 000:366.899 - 0.282ms returns 0
T53F8 000:366.917 JLINK_CORESIGHT_ReadAPDPReg(AP reg 0x03)
T53F8 000:367.118   Value=0x00000002
T53F8 000:367.131 - 0.214ms returns 0
T53F8 000:367.139 JLINK_CORESIGHT_ReadAPDPReg(AP reg 0x03)
T53F8 000:367.346   Value=0x00000002
T53F8 000:367.357 - 0.217ms returns 0
T53F8 000:367.365 JLINK_CORESIGHT_ReadAPDPReg(AP reg 0x03)
T53F8 000:367.567   Value=0x00000002
T53F8 000:367.576 - 0.211ms returns 0
T53F8 000:367.582 JLINK_CORESIGHT_ReadAPDPReg(AP reg 0x03)
T53F8 000:367.768   Value=0x00000002
T53F8 000:367.777 - 0.194ms returns 0
T53F8 000:367.784 JLINK_CORESIGHT_ReadAPDPReg(AP reg 0x03)
T53F8 000:367.967   Value=0x00000002
T53F8 000:367.979 - 0.195ms returns 0
T53F8 000:367.986 JLINK_CORESIGHT_ReadAPDPReg(AP reg 0x03)
T53F8 000:368.216   Value=0x00000002
T53F8 000:368.224 - 0.237ms returns 0
T53F8 000:368.231 JLINK_CORESIGHT_ReadAPDPReg(AP reg 0x03)
T53F8 000:368.424   Value=0x00000002
T53F8 000:368.434 - 0.203ms returns 0
T53F8 000:368.442 JLINK_CORESIGHT_ReadAPDPReg(AP reg 0x03)
T53F8 000:368.641   Value=0x00000002
T53F8 000:368.650 - 0.208ms returns 0
T53F8 000:368.657 JLINK_CORESIGHT_ReadAPDPReg(AP reg 0x03)
T53F8 000:368.868   Value=0x00000002
T53F8 000:368.882 - 0.225ms returns 0
T53F8 000:368.890 JLINK_CORESIGHT_ReadAPDPReg(AP reg 0x03)
T53F8 000:369.092   Value=0x00000002
T53F8 000:369.104 - 0.214ms returns 0
T53F8 000:369.112 JLINK_CORESIGHT_ReadAPDPReg(AP reg 0x03)
T53F8 000:369.317   Value=0x00000002
T53F8 000:369.326 - 0.214ms returns 0
T53F8 000:369.419 JLINK_CORESIGHT_ReadAPDPReg(AP reg 0x03)
T53F8 000:369.617   Value=0x00000002
T53F8 000:369.626 - 0.206ms returns 0
T53F8 000:369.633 JLINK_CORESIGHT_ReadAPDPReg(AP reg 0x03)
T53F8 000:369.871   Value=0x00000002
T53F8 000:369.897 - 0.264ms returns 0
T53F8 000:369.912 JLINK_CORESIGHT_ReadAPDPReg(AP reg 0x03)
T53F8 000:370.119   Value=0x00000002
T53F8 000:370.133 - 0.221ms returns 0
T53F8 000:370.141 JLINK_CORESIGHT_ReadAPDPReg(AP reg 0x03)
T53F8 000:370.342   Value=0x00000002
T53F8 000:370.352 - 0.210ms returns 0
T53F8 000:370.359 JLINK_CORESIGHT_ReadAPDPReg(AP reg 0x03)
T53F8 000:370.550   Value=0x00000002
T53F8 000:370.558 - 0.198ms returns 0
T53F8 000:370.565 JLINK_CORESIGHT_ReadAPDPReg(AP reg 0x03)
T53F8 000:370.774   Value=0x00000002
T53F8 000:370.782 - 0.217ms returns 0
T53F8 000:370.789 JLINK_CORESIGHT_ReadAPDPReg(AP reg 0x03)
T53F8 000:370.992   Value=0x00000002
T53F8 000:371.004 - 0.214ms returns 0
T53F8 000:371.011 JLINK_CORESIGHT_ReadAPDPReg(AP reg 0x03)
T53F8 000:371.215   Value=0x00000002
T53F8 000:371.224 - 0.212ms returns 0
T53F8 000:371.231 JLINK_CORESIGHT_ReadAPDPReg(AP reg 0x03)
T53F8 000:371.425   Value=0x00000002
T53F8 000:371.435 - 0.204ms returns 0
T53F8 000:371.443 JLINK_CORESIGHT_ReadAPDPReg(AP reg 0x03)
T53F8 000:371.642   Value=0x00000002
T53F8 000:371.650 - 0.207ms returns 0
T53F8 000:371.657 JLINK_CORESIGHT_ReadAPDPReg(AP reg 0x03)
T53F8 000:371.867   Value=0x00000002
T53F8 000:371.881 - 0.223ms returns 0
T53F8 000:371.889 JLINK_CORESIGHT_ReadAPDPReg(AP reg 0x03)
T53F8 000:372.092   Value=0x00000002
T53F8 000:372.105 - 0.215ms returns 0
T53F8 000:372.112 JLINK_CORESIGHT_ReadAPDPReg(AP reg 0x03)
T53F8 000:372.317   Value=0x00000002
T53F8 000:372.326 - 0.213ms returns 0
T53F8 000:372.333 JLINK_CORESIGHT_ReadAPDPReg(AP reg 0x03)
T53F8 000:372.516   Value=0x00000002
T53F8 000:372.525 - 0.191ms returns 0
T53F8 000:372.531 JLINK_CORESIGHT_ReadAPDPReg(AP reg 0x03)
T53F8 000:372.718   Value=0x00000002
T53F8 000:372.727 - 0.195ms returns 0
T53F8 000:372.733 JLINK_CORESIGHT_ReadAPDPReg(AP reg 0x03)
T53F8 000:372.943   Value=0x00000002
T53F8 000:372.954 - 0.220ms returns 0
T53F8 000:372.961 JLINK_CORESIGHT_ReadAPDPReg(AP reg 0x03)
T53F8 000:373.162   Value=0x00000002
T53F8 000:373.170 - 0.209ms returns 0
T53F8 000:373.177 JLINK_CORESIGHT_ReadAPDPReg(AP reg 0x03)
T53F8 000:373.394   Value=0x00000002
T53F8 000:373.419 - 0.242ms returns 0
T53F8 000:373.427 JLINK_CORESIGHT_ReadAPDPReg(AP reg 0x03)
T53F8 000:373.640   Value=0x00000002
T53F8 000:373.651 - 0.223ms returns 0
T53F8 000:373.659 JLINK_CORESIGHT_ReadAPDPReg(AP reg 0x03)
T53F8 000:373.892   Value=0x00000002
T53F8 000:373.908 - 0.249ms returns 0
T53F8 000:373.924 JLINK_CORESIGHT_ReadAPDPReg(AP reg 0x03)
T53F8 000:374.144   Value=0x00000002
T53F8 000:374.153 - 0.229ms returns 0
T53F8 000:374.160 JLINK_CORESIGHT_ReadAPDPReg(AP reg 0x03)
T53F8 000:374.389   Value=0x00000002
T53F8 000:374.399 - 0.239ms returns 0
T53F8 000:374.407 JLINK_CORESIGHT_ReadAPDPReg(AP reg 0x03)
T53F8 000:374.639   Value=0x00000002
T53F8 000:374.647 - 0.240ms returns 0
T53F8 000:374.654 JLINK_CORESIGHT_ReadAPDPReg(AP reg 0x03)
T53F8 000:374.893   Value=0x00000002
T53F8 000:374.922 - 0.267ms returns 0
T53F8 000:374.983 JLINK_CORESIGHT_ReadAPDPReg(AP reg 0x03)
T53F8 000:375.189   Value=0x00000002
T53F8 000:375.200 - 0.217ms returns 0
T53F8 000:375.208 JLINK_CORESIGHT_ReadAPDPReg(AP reg 0x03)
T53F8 000:375.432   Value=0x00000002
T53F8 000:375.442 - 0.234ms returns 0
T53F8 000:375.450 JLINK_CORESIGHT_ReadAPDPReg(AP reg 0x03)
T53F8 000:375.717   Value=0x00000002
T53F8 000:375.726 - 0.275ms returns 0
T53F8 000:375.732 JLINK_CORESIGHT_ReadAPDPReg(AP reg 0x03)
T53F8 000:375.939   Value=0x00000002
T53F8 000:375.951 - 0.218ms returns 0
T53F8 000:375.958 JLINK_CORESIGHT_ReadAPDPReg(AP reg 0x03)
T53F8 000:376.182   Value=0x00000002
T53F8 000:376.190 - 0.232ms returns 0
T53F8 000:376.197 JLINK_CORESIGHT_ReadAPDPReg(AP reg 0x03)
T53F8 000:376.397   Value=0x00000002
T53F8 000:376.407 - 0.210ms returns 0
T53F8 000:376.420 JLINK_CORESIGHT_ReadAPDPReg(AP reg 0x03)
T53F8 000:376.619   Value=0x00000002
T53F8 000:376.627 - 0.207ms returns 0
T53F8 000:376.635 JLINK_CORESIGHT_ReadAPDPReg(AP reg 0x03)
T53F8 000:376.888   Value=0x00000002
T53F8 000:376.899 - 0.264ms returns 0
T53F8 000:376.916 JLINK_CORESIGHT_ReadAPDPReg(AP reg 0x03)
T53F8 000:377.139   Value=0x00000002
T53F8 000:377.148 - 0.232ms returns 0
T53F8 000:377.156 JLINK_CORESIGHT_ReadAPDPReg(AP reg 0x03)
T53F8 000:377.356   Value=0x00000002
T53F8 000:377.382 - 0.226ms returns 0
T53F8 000:377.399 JLINK_CORESIGHT_ReadAPDPReg(AP reg 0x03)
T53F8 000:377.620   Value=0x00000002
T53F8 000:377.634 - 0.235ms returns 0
T53F8 000:377.643 JLINK_CORESIGHT_ReadAPDPReg(AP reg 0x03)
T53F8 000:377.890   Value=0x00000002
T53F8 000:377.914 - 0.271ms returns 0
T53F8 000:377.930 JLINK_CORESIGHT_ReadAPDPReg(AP reg 0x03)
T53F8 000:378.146   Value=0x00000002
T53F8 000:378.161 - 0.231ms returns 0
T53F8 000:378.170 JLINK_CORESIGHT_ReadAPDPReg(AP reg 0x03)
T53F8 000:378.475   Value=0x00000002
T53F8 000:378.487 - 0.316ms returns 0
T53F8 000:378.496 JLINK_CORESIGHT_ReadAPDPReg(AP reg 0x03)
T53F8 000:378.876   Value=0x00000002
T53F8 000:378.905 - 0.408ms returns 0
T53F8 000:378.922 JLINK_CORESIGHT_ReadAPDPReg(AP reg 0x03)
T53F8 000:379.147   Value=0x00000002
T53F8 000:379.176 - 0.254ms returns 0
T53F8 000:379.193 JLINK_CORESIGHT_ReadAPDPReg(AP reg 0x03)
T53F8 000:379.446   Value=0x00000002
T53F8 000:379.474 - 0.280ms returns 0
T53F8 000:379.491 JLINK_CORESIGHT_ReadAPDPReg(AP reg 0x03)
T53F8 000:379.776   Value=0x00000002
T53F8 000:379.804 - 0.313ms returns 0
T53F8 000:379.820 JLINK_CORESIGHT_ReadAPDPReg(AP reg 0x03)
T53F8 000:380.043   Value=0x00000000
T53F8 000:380.068 - 0.247ms returns 0
T53F8 000:380.085 JLINK_CORESIGHT_WriteAPDPReg(AP reg 0x00, 0x80000002)
T53F8 000:380.314 - 0.229ms returns 0
T53F8 000:380.405 JLINK_CORESIGHT_WriteAPDPReg(AP reg 0x01, 0x80011130)
T53F8 000:380.633 - 0.228ms returns 0
T53F8 000:380.686 JLINK_CORESIGHT_ReadAPDPReg(AP reg 0x03)
T53F8 000:380.945   Value=0x4E0A0081
T53F8 000:380.968 - 0.282ms returns 0
T53F8 000:380.983 JLINK_CORESIGHT_WriteAPDPReg(AP reg 0x00, 0x80000002)
T53F8 000:381.207 - 0.223ms returns 0
T53F8 000:381.233 JLINK_CORESIGHT_WriteAPDPReg(AP reg 0x01, 0x80011140)
T53F8 000:381.463 - 0.229ms returns 0
T53F8 000:381.486 JLINK_CORESIGHT_ReadAPDPReg(AP reg 0x03)
T53F8 000:381.721   Value=0x00000000
T53F8 000:381.738 - 0.252ms returns 0
T53F8 000:381.753 JLINK_CORESIGHT_WriteAPDPReg(AP reg 0x00, 0x80000002)
T53F8 000:381.939 - 0.186ms returns 0
T53F8 000:381.963 JLINK_CORESIGHT_WriteAPDPReg(AP reg 0x01, 0x80011130)
T53F8 000:382.153 - 0.190ms returns 0
T53F8 000:382.175 JLINK_CORESIGHT_ReadAPDPReg(AP reg 0x03)
T53F8 000:382.442   Value=0xFFFFFF00
T53F8 000:382.459 - 0.284ms returns 0
T53F8 000:382.469 JLINK_CORESIGHT_WriteAPDPReg(AP reg 0x00, 0x80000002)
T53F8 000:382.627 - 0.157ms returns 0
T53F8 000:382.635 JLINK_CORESIGHT_WriteAPDPReg(AP reg 0x01, 0x80011140)
T53F8 000:382.855 - 0.219ms returns 0
T53F8 000:382.868 JLINK_CORESIGHT_ReadAPDPReg(AP reg 0x03)
T53F8 000:383.125   Value=0x00000000
T53F8 000:383.138 - 0.270ms returns 0
T53F8 000:383.148 JLINK_CORESIGHT_WriteAPDPReg(AP reg 0x00, 0x80000002)
T53F8 000:383.352 - 0.203ms returns 0
T53F8 000:383.367 JLINK_CORESIGHT_WriteAPDPReg(AP reg 0x01, 0x80011130)
T53F8 000:383.567 - 0.200ms returns 0
T53F8 000:383.578 JLINK_CORESIGHT_ReadAPDPReg(AP reg 0x03)
T53F8 000:383.814   Value=0xFFFFFFFF
T53F8 000:383.831 - 0.253ms returns 0
T53F8 000:383.840 JLINK_CORESIGHT_WriteAPDPReg(AP reg 0x00, 0x80000002)
T53F8 000:384.041 - 0.200ms returns 0
T53F8 000:384.067 JLINK_CORESIGHT_WriteAPDPReg(AP reg 0x01, 0x80011140)
T53F8 000:384.264 - 0.198ms returns 0
T53F8 000:384.273 JLINK_CORESIGHT_ReadAPDPReg(AP reg 0x03)
T53F8 000:384.479   Value=0x00000000
T53F8 000:384.490 - 0.216ms returns 0
T53F8 000:384.498 JLINK_CORESIGHT_WriteAPDPReg(AP reg 0x00, 0x80000002)
T53F8 000:384.718 - 0.219ms returns 0
T53F8 000:384.726 JLINK_CORESIGHT_WriteAPDPReg(AP reg 0x01, 0x80011130)
T53F8 000:384.947 - 0.217ms returns 0
T53F8 000:384.979 JLINK_CORESIGHT_ReadAPDPReg(AP reg 0x03)
T53F8 000:385.245   Value=0x0003B0FF
T53F8 000:385.257 - 0.278ms returns 0
T53F8 000:385.268 JLINK_CORESIGHT_WriteAPDPReg(AP reg 0x00, 0x80000002)
T53F8 000:385.420 - 0.153ms returns 0
T53F8 000:385.431 JLINK_CORESIGHT_WriteAPDPReg(AP reg 0x01, 0x80011140)
T53F8 000:385.603 - 0.172ms returns 0
T53F8 000:385.612 JLINK_CORESIGHT_ReadAPDPReg(AP reg 0x03)
T53F8 000:385.890   Value=0x00000002
T53F8 000:385.914 - 0.302ms returns 0
T53F8 000:385.930 JLINK_CORESIGHT_WriteAPDPReg(AP reg 0x00, 0x80000002)
T53F8 000:386.104 - 0.174ms returns 0
T53F8 000:386.118 JLINK_CORESIGHT_WriteAPDPReg(AP reg 0x01, 0x80011120)
T53F8 000:386.275 - 0.156ms returns 0
T53F8 000:386.283 JLINK_CORESIGHT_WriteAPDPReg(AP reg 0x03, 0x4F010001)
T53F8 000:386.453 - 0.170ms returns 0
T53F8 000:386.467 JLINK_CORESIGHT_WriteAPDPReg(AP reg 0x00, 0x80000002)
T53F8 000:386.628 - 0.161ms returns 0
T53F8 000:386.636 JLINK_CORESIGHT_WriteAPDPReg(AP reg 0x01, 0x80011140)
T53F8 000:386.865 - 0.229ms returns 0
T53F8 000:386.875 JLINK_CORESIGHT_ReadAPDPReg(AP reg 0x03)
T53F8 000:387.105   Value=0x00000002
T53F8 000:387.116 - 0.241ms returns 0
T53F8 000:387.125 JLINK_CORESIGHT_WriteAPDPReg(AP reg 0x00, 0x80000002)
T53F8 000:387.283 - 0.157ms returns 0
T53F8 000:387.291 JLINK_CORESIGHT_WriteAPDPReg(AP reg 0x01, 0x80011120)
T53F8 000:387.455 - 0.163ms returns 0
T53F8 000:387.464 JLINK_CORESIGHT_WriteAPDPReg(AP reg 0x03, 0x000003B0)
T53F8 000:387.627 - 0.162ms returns 0
T53F8 000:387.635 JLINK_CORESIGHT_WriteAPDPReg(AP reg 0x00, 0x80000002)
T53F8 000:387.853 - 0.217ms returns 0
T53F8 000:387.863 JLINK_CORESIGHT_WriteAPDPReg(AP reg 0x01, 0x80011140)
T53F8 000:388.026 - 0.163ms returns 0
T53F8 000:388.042 JLINK_CORESIGHT_ReadAPDPReg(AP reg 0x03)
T53F8 000:388.286   Value=0x00000000
T53F8 000:388.298 - 0.256ms returns 0
T53F8 000:388.307 JLINK_CORESIGHT_WriteAPDPReg(AP reg 0x00, 0x80000002)
T53F8 000:388.514 - 0.207ms returns 0
T53F8 000:388.524 JLINK_CORESIGHT_WriteAPDPReg(AP reg 0x01, 0x80011130)
T53F8 000:388.723 - 0.199ms returns 0
T53F8 000:388.750 JLINK_CORESIGHT_ReadAPDPReg(AP reg 0x03)
T53F8 000:388.985   Value=0x4F0B0081
T53F8 000:389.007 - 0.257ms returns 0
T53F8 000:389.022 JLINK_CORESIGHT_WriteAPDPReg(AP reg 0x00, 0x80000002)
T53F8 000:389.218 - 0.196ms returns 0
T53F8 000:389.232 JLINK_CORESIGHT_WriteAPDPReg(AP reg 0x01, 0x80011140)
T53F8 000:389.399 - 0.167ms returns 0
T53F8 000:389.410 JLINK_CORESIGHT_ReadAPDPReg(AP reg 0x03)
T53F8 000:389.640   Value=0x00000000
T53F8 000:389.650 - 0.239ms returns 0
T53F8 000:389.658 JLINK_CORESIGHT_WriteAPDPReg(AP reg 0x00, 0x80000002)
T53F8 000:389.837 - 0.179ms returns 0
T53F8 000:389.867 JLINK_CORESIGHT_WriteAPDPReg(AP reg 0x01, 0x80011130)
T53F8 000:390.024 - 0.157ms returns 0
T53F8 000:390.037 JLINK_CORESIGHT_ReadAPDPReg(AP reg 0x03)
T53F8 000:390.244   Value=0x20000400
T53F8 000:390.253 - 0.215ms returns 0
T53F8 000:390.261 JLINK_CORESIGHT_WriteAPDPReg(AP reg 0x00, 0x80000002)
T53F8 000:390.416 - 0.155ms returns 0
T53F8 000:390.426 JLINK_CORESIGHT_WriteAPDPReg(AP reg 0x01, 0x80011140)
T53F8 000:390.584 - 0.157ms returns 0
T53F8 000:390.592 JLINK_CORESIGHT_ReadAPDPReg(AP reg 0x03)
T53F8 000:390.810   Value=0x00000000
T53F8 000:390.825 - 0.232ms returns 0
T53F8 000:390.834 JLINK_CORESIGHT_WriteAPDPReg(AP reg 0x00, 0x80000002)
T53F8 000:390.995 - 0.160ms returns 0
T53F8 000:391.007 JLINK_CORESIGHT_WriteAPDPReg(AP reg 0x01, 0x80011130)
T53F8 000:391.166 - 0.159ms returns 0
T53F8 000:391.174 JLINK_CORESIGHT_ReadAPDPReg(AP reg 0x03)
T53F8 000:391.388   Value=0x02000000
T53F8 000:391.398 - 0.224ms returns 0
T53F8 000:391.407 JLINK_CORESIGHT_WriteAPDPReg(AP reg 0x00, 0x80000002)
T53F8 000:391.561 - 0.154ms returns 0
T53F8 000:391.569 JLINK_CORESIGHT_WriteAPDPReg(AP reg 0x01, 0x80011140)
T53F8 000:391.717 - 0.148ms returns 0
T53F8 000:391.726 JLINK_CORESIGHT_ReadAPDPReg(AP reg 0x03)
T53F8 000:391.943   Value=0x00000000
T53F8 000:391.958 - 0.232ms returns 0
T53F8 000:391.966 JLINK_CORESIGHT_WriteAPDPReg(AP reg 0x00, 0x80000002)
T53F8 000:392.119 - 0.152ms returns 0
T53F8 000:392.127 JLINK_CORESIGHT_WriteAPDPReg(AP reg 0x01, 0x80011130)
T53F8 000:392.295 - 0.168ms returns 0
T53F8 000:392.303 JLINK_CORESIGHT_ReadAPDPReg(AP reg 0x03)
T53F8 000:392.517   Value=0x03780800
T53F8 000:392.527 - 0.224ms returns 0
T53F8 000:392.623 JLINK_CORESIGHT_WriteAPDPReg(AP reg 0x00, 0x80000002)
T53F8 000:392.849 - 0.226ms returns 0
T53F8 000:392.863 JLINK_CORESIGHT_WriteAPDPReg(AP reg 0x01, 0x80011140)
T53F8 000:393.019 - 0.156ms returns 0
T53F8 000:393.031 JLINK_CORESIGHT_ReadAPDPReg(AP reg 0x03)
T53F8 000:393.242   Value=0x00000002
T53F8 000:393.250 - 0.219ms returns 0
T53F8 000:393.257 JLINK_CORESIGHT_WriteAPDPReg(AP reg 0x00, 0x80000002)
T53F8 000:393.421 - 0.164ms returns 0
T53F8 000:393.437 JLINK_CORESIGHT_WriteAPDPReg(AP reg 0x01, 0x80011120)
T53F8 000:393.591 - 0.154ms returns 0
T53F8 000:393.599 JLINK_CORESIGHT_WriteAPDPReg(AP reg 0x03, 0x4F010001)
T53F8 000:393.769 - 0.170ms returns 0
T53F8 000:393.776 JLINK_CORESIGHT_WriteAPDPReg(AP reg 0x00, 0x80000002)
T53F8 000:393.943 - 0.166ms returns 0
T53F8 000:393.953 JLINK_CORESIGHT_WriteAPDPReg(AP reg 0x01, 0x80011140)
T53F8 000:394.117 - 0.163ms returns 0
T53F8 000:394.124 JLINK_CORESIGHT_ReadAPDPReg(AP reg 0x03)
T53F8 000:394.317   Value=0x00000002
T53F8 000:394.326 - 0.202ms returns 0
T53F8 000:394.334 JLINK_CORESIGHT_WriteAPDPReg(AP reg 0x00, 0x80000002)
T53F8 000:394.497 - 0.163ms returns 0
T53F8 000:394.520 JLINK_CORESIGHT_WriteAPDPReg(AP reg 0x01, 0x80011120)
T53F8 000:394.718 - 0.198ms returns 0
T53F8 000:394.728 JLINK_CORESIGHT_WriteAPDPReg(AP reg 0x03, 0x000003B0)
T53F8 000:394.896 - 0.167ms returns 0
T53F8 000:394.920 JLINK_CORESIGHT_WriteAPDPReg(AP reg 0x00, 0x80000002)
T53F8 000:395.119 - 0.199ms returns 0
T53F8 000:395.134 JLINK_CORESIGHT_WriteAPDPReg(AP reg 0x01, 0x80011140)
T53F8 000:395.357 - 0.222ms returns 0
T53F8 000:395.367 JLINK_CORESIGHT_ReadAPDPReg(AP reg 0x03)
T53F8 000:395.867   Value=0x00000000
T53F8 000:395.907 - 0.539ms returns 0
T53F8 000:395.923 JLINK_CORESIGHT_WriteAPDPReg(AP reg 0x00, 0x80000002)
T53F8 000:397.822 - 1.897ms returns 0
T53F8 000:397.895 JLINK_CORESIGHT_WriteAPDPReg(AP reg 0x01, 0x80011130)
T53F8 000:398.098 - 0.202ms returns 0
T53F8 000:398.125 JLINK_CORESIGHT_ReadAPDPReg(AP reg 0x03)
T53F8 000:398.349   Value=0x4F0B0081
T53F8 000:398.375 - 0.250ms returns 0
T53F8 000:398.390 JLINK_CORESIGHT_WriteAPDPReg(AP reg 0x00, 0x80000002)
T53F8 000:398.597 - 0.207ms returns 0
T53F8 000:398.619 JLINK_CORESIGHT_WriteAPDPReg(AP reg 0x01, 0x80011140)
T53F8 000:398.853 - 0.233ms returns 0
T53F8 000:398.880 JLINK_CORESIGHT_ReadAPDPReg(AP reg 0x03)
T53F8 000:399.147   Value=0x00000000
T53F8 000:399.172 - 0.291ms returns 0
T53F8 000:399.186 JLINK_CORESIGHT_WriteAPDPReg(AP reg 0x00, 0x80000002)
T53F8 000:399.373 - 0.186ms returns 0
T53F8 000:399.400 JLINK_CORESIGHT_WriteAPDPReg(AP reg 0x01, 0x80011130)
T53F8 000:399.599 - 0.198ms returns 0
T53F8 000:399.724 JLINK_CORESIGHT_ReadAPDPReg(AP reg 0x03)
T53F8 000:399.971   Value=0x20000400
T53F8 000:399.997 - 0.273ms returns 0
T53F8 000:400.013 JLINK_CORESIGHT_WriteAPDPReg(AP reg 0x00, 0x80000002)
T53F8 000:400.223 - 0.209ms returns 0
T53F8 000:400.250 JLINK_CORESIGHT_WriteAPDPReg(AP reg 0x01, 0x80011140)
T53F8 000:400.473 - 0.223ms returns 0
T53F8 000:400.499 JLINK_CORESIGHT_ReadAPDPReg(AP reg 0x03)
T53F8 000:400.779   Value=0x00000000
T53F8 000:400.797 - 0.298ms returns 0
T53F8 000:400.807 JLINK_CORESIGHT_WriteAPDPReg(AP reg 0x00, 0x80000002)
T53F8 000:400.997 - 0.189ms returns 0
T53F8 000:401.021 JLINK_CORESIGHT_WriteAPDPReg(AP reg 0x01, 0x80011130)
T53F8 000:401.193 - 0.172ms returns 0
T53F8 000:401.201 JLINK_CORESIGHT_ReadAPDPReg(AP reg 0x03)
T53F8 000:401.442   Value=0x02000000
T53F8 000:401.452 - 0.251ms returns 0
T53F8 000:401.460 JLINK_CORESIGHT_WriteAPDPReg(AP reg 0x00, 0x80000002)
T53F8 000:401.617 - 0.156ms returns 0
T53F8 000:401.627 JLINK_CORESIGHT_WriteAPDPReg(AP reg 0x01, 0x80011140)
T53F8 000:401.846 - 0.218ms returns 0
T53F8 000:401.869 JLINK_CORESIGHT_ReadAPDPReg(AP reg 0x03)
T53F8 000:402.095   Value=0x00000000
T53F8 000:402.111 - 0.242ms returns 0
T53F8 000:402.124 JLINK_CORESIGHT_WriteAPDPReg(AP reg 0x00, 0x80000002)
T53F8 000:402.292 - 0.167ms returns 0
T53F8 000:402.305 JLINK_CORESIGHT_WriteAPDPReg(AP reg 0x01, 0x80011130)
T53F8 000:402.468 - 0.162ms returns 0
T53F8 000:402.478 JLINK_CORESIGHT_ReadAPDPReg(AP reg 0x03)
T53F8 000:402.720   Value=0x03780800
T53F8 000:402.732 - 0.254ms returns 0
T53F8 000:402.748 JLINK_CORESIGHT_ReadAPDPReg(DP reg 0x01)
T53F8 000:402.947   Value=0xF0000F40
T53F8 000:402.972 - 0.224ms returns 0
T53F8 000:402.985 JLINK_CORESIGHT_WriteAPDPReg(DP reg 0x01, 0xA0000F40)
T53F8 000:403.181 - 0.196ms returns 0
T53F8 000:403.195 JLINK_CORESIGHT_ReadAPDPReg(DP reg 0x01)
T53F8 000:403.415   Value=0x00000F40
T53F8 000:403.426 - 0.231ms returns 0
T53F8 000:403.433 JLINK_ClrRESET()
T53F8 000:403.826 - 0.391ms 
T53F8 000:507.086 JLINK_Close()
T53F8 000:519.573 - 12.486ms
T53F8 000:519.602   
T53F8 000:519.607   Closed
